<?xml version="1.0" encoding="UTF-8"?>
<!-- Generated by org.testng.reporters.JUnitXMLReporter -->
<testsuite ignored="4" hostname="Cobra" failures="1" tests="3" name="Surefire test" time="2.227" errors="0" timestamp="2022-12-23T20:44:06 IST">
  <testcase classname="com.murali.learnings.automation.selautomationfw.tests.PageObjectTest" name="validateElectronicsPage" time="0.003"/>
  <testcase classname="com.murali.learnings.automation.selautomationfw.tests.PageObjectTest" name="verifySearchOfItems" time="1.928"/>
  <testcase classname="com.murali.learnings.automation.selautomationfw.tests.SmokeTest" name="verifySearchOfItems" time="0.0">
    <failure type="java.lang.NullPointerException" message="Cannot invoke &amp;quot;org.openqa.selenium.WebDriver.findElement(org.openqa.selenium.By)&amp;quot; because the return value of &amp;quot;com.murali.learnings.automation.selautomationfw.tests.SmokeTest.getDriver()&amp;quot; is null">
      <![CDATA[java.lang.NullPointerException: Cannot invoke "org.openqa.selenium.WebDriver.findElement(org.openqa.selenium.By)" because the return value of "com.murali.learnings.automation.selautomationfw.tests.SmokeTest.getDriver()" is null
at com.murali.learnings.automation.selautomationfw.tests.SmokeTest.verifySearchOfItems(SmokeTest.java:17)
at java.base/java.util.ArrayList.forEach(ArrayList.java:1511)
... Removed 32 stack frames]]>
    </failure>
  </testcase> <!-- verifySearchOfItems -->
  <testcase classname="com.murali.learnings.automation.selautomationfw.utils.BaseTest" name="@BeforeSuite setup" time="0.0">
    <ignored/>
  </testcase> <!-- @BeforeSuite setup -->
  <testcase classname="com.murali.learnings.automation.selautomationfw.utils.BaseTest" name="@BeforeSuite setup" time="0.0">
    <ignored/>
  </testcase> <!-- @BeforeSuite setup -->
  <testcase classname="com.murali.learnings.automation.selautomationfw.utils.BaseTest" name="@AfterSuite teardown" time="0.0">
    <ignored/>
  </testcase> <!-- @AfterSuite teardown -->
  <testcase classname="com.murali.learnings.automation.selautomationfw.utils.BaseTest" name="@AfterSuite teardown" time="0.0">
    <ignored/>
  </testcase> <!-- @AfterSuite teardown -->
</testsuite> <!-- Surefire test -->
